  Bullet.cpp
c:\users\pixir\desktop\college stuff\ai\spaceshooter\include\Graph.h(141): warning C4244: '=': conversion from 'double' to 'int', possible loss of data
c:\users\pixir\desktop\college stuff\ai\spaceshooter\include\Graph.h(159): warning C4267: 'initializing': conversion from 'size_t' to 'int', possible loss of data
c:\users\pixir\desktop\college stuff\ai\spaceshooter\include\Graph.h(132): warning C4101: 'pTemp': unreferenced local variable
c:\users\pixir\desktop\college stuff\ai\spaceshooter\include\ManagedSprite.h(41): warning C4244: 'argument': conversion from 'int' to 'float', possible loss of data
src\Bullet.cpp(7): warning C4244: '=': conversion from 'int' to 'float', possible loss of data
src\Bullet.cpp(8): warning C4244: '=': conversion from 'int' to 'float', possible loss of data
src\Bullet.cpp(47): warning C4244: '=': conversion from 'double' to 'float', possible loss of data
src\Bullet.cpp(48): warning C4244: '=': conversion from 'double' to 'float', possible loss of data
src\Bullet.cpp(54): warning C4244: 'argument': conversion from 'float' to 'int', possible loss of data
src\Bullet.cpp(55): warning C4244: 'argument': conversion from 'float' to 'int', possible loss of data
src\Bullet.cpp(59): warning C4244: 'argument': conversion from 'float' to 'int', possible loss of data
src\Bullet.cpp(60): warning C4244: 'argument': conversion from 'float' to 'int', possible loss of data
src\Bullet.cpp(83): warning C4244: 'argument': conversion from 'float' to 'int', possible loss of data
src\Bullet.cpp(84): warning C4244: 'argument': conversion from 'float' to 'int', possible loss of data
src\Bullet.cpp(140): warning C4244: '=': conversion from 'int' to 'float', possible loss of data
src\Bullet.cpp(141): warning C4244: '=': conversion from 'int' to 'float', possible loss of data
  Cannon.cpp
c:\users\pixir\desktop\college stuff\ai\spaceshooter\include\ManagedSprite.h(41): warning C4244: 'argument': conversion from 'int' to 'float', possible loss of data
c:\users\pixir\desktop\college stuff\ai\spaceshooter\include\Graph.h(141): warning C4244: '=': conversion from 'double' to 'int', possible loss of data
c:\users\pixir\desktop\college stuff\ai\spaceshooter\include\Graph.h(159): warning C4267: 'initializing': conversion from 'size_t' to 'int', possible loss of data
c:\users\pixir\desktop\college stuff\ai\spaceshooter\include\Graph.h(132): warning C4101: 'pTemp': unreferenced local variable
C:\Users\pixir\Desktop\College Stuff\AI\SpaceShooter\include\Cannon.h(41): warning C4305: 'initializing': truncation from 'double' to 'const float'
src\Cannon.cpp(7): warning C4244: '=': conversion from 'int' to 'float', possible loss of data
src\Cannon.cpp(8): warning C4244: '=': conversion from 'int' to 'float', possible loss of data
src\Cannon.cpp(23): warning C4244: 'argument': conversion from 'float' to 'int', possible loss of data
src\Cannon.cpp(40): warning C4244: 'argument': conversion from 'double' to 'int', possible loss of data
src\Cannon.cpp(65): warning C4244: '=': conversion from 'int' to 'float', possible loss of data
src\Cannon.cpp(66): warning C4244: '=': conversion from 'int' to 'float', possible loss of data
src\Cannon.cpp(84): warning C4244: 'argument': conversion from 'double' to 'int', possible loss of data
  Explosion.cpp
c:\users\pixir\desktop\college stuff\ai\spaceshooter\include\Graph.h(141): warning C4244: '=': conversion from 'double' to 'int', possible loss of data
c:\users\pixir\desktop\college stuff\ai\spaceshooter\include\Graph.h(159): warning C4267: 'initializing': conversion from 'size_t' to 'int', possible loss of data
c:\users\pixir\desktop\college stuff\ai\spaceshooter\include\Graph.h(132): warning C4101: 'pTemp': unreferenced local variable
c:\users\pixir\desktop\college stuff\ai\spaceshooter\include\ManagedSprite.h(41): warning C4244: 'argument': conversion from 'int' to 'float', possible loss of data
  Missile.cpp
c:\users\pixir\desktop\college stuff\ai\spaceshooter\include\Graph.h(141): warning C4244: '=': conversion from 'double' to 'int', possible loss of data
c:\users\pixir\desktop\college stuff\ai\spaceshooter\include\Graph.h(159): warning C4267: 'initializing': conversion from 'size_t' to 'int', possible loss of data
c:\users\pixir\desktop\college stuff\ai\spaceshooter\include\Graph.h(132): warning C4101: 'pTemp': unreferenced local variable
c:\users\pixir\desktop\college stuff\ai\spaceshooter\include\ManagedSprite.h(41): warning C4244: 'argument': conversion from 'int' to 'float', possible loss of data
src\Missile.cpp(5): warning C4244: '=': conversion from 'int' to 'float', possible loss of data
src\Missile.cpp(6): warning C4244: '=': conversion from 'int' to 'float', possible loss of data
src\Missile.cpp(58): warning C4244: 'argument': conversion from 'float' to 'int', possible loss of data
src\Missile.cpp(59): warning C4244: 'argument': conversion from 'float' to 'int', possible loss of data
src\Missile.cpp(63): warning C4244: 'argument': conversion from 'float' to 'int', possible loss of data
src\Missile.cpp(64): warning C4244: 'argument': conversion from 'float' to 'int', possible loss of data
src\Missile.cpp(85): warning C4244: 'argument': conversion from 'float' to 'int', possible loss of data
src\Missile.cpp(86): warning C4244: 'argument': conversion from 'float' to 'int', possible loss of data
src\Missile.cpp(132): warning C4244: '=': conversion from 'int' to 'float', possible loss of data
src\Missile.cpp(133): warning C4244: '=': conversion from 'int' to 'float', possible loss of data
  Nest.cpp
c:\users\pixir\desktop\college stuff\ai\spaceshooter\include\Graph.h(141): warning C4244: '=': conversion from 'double' to 'int', possible loss of data
c:\users\pixir\desktop\college stuff\ai\spaceshooter\include\Graph.h(159): warning C4267: 'initializing': conversion from 'size_t' to 'int', possible loss of data
c:\users\pixir\desktop\college stuff\ai\spaceshooter\include\Graph.h(132): warning C4101: 'pTemp': unreferenced local variable
c:\users\pixir\desktop\college stuff\ai\spaceshooter\include\ManagedSprite.h(41): warning C4244: 'argument': conversion from 'int' to 'float', possible loss of data
c:\users\pixir\desktop\college stuff\ai\spaceshooter\include\Cannon.h(41): warning C4305: 'initializing': truncation from 'double' to 'const float'
src\Nest.cpp(7): warning C4244: '=': conversion from 'int' to 'float', possible loss of data
src\Nest.cpp(8): warning C4244: '=': conversion from 'int' to 'float', possible loss of data
src\Nest.cpp(72): warning C4244: 'argument': conversion from 'float' to 'int', possible loss of data
  Player.cpp
c:\users\pixir\desktop\college stuff\ai\spaceshooter\include\Graph.h(141): warning C4244: '=': conversion from 'double' to 'int', possible loss of data
c:\users\pixir\desktop\college stuff\ai\spaceshooter\include\Graph.h(159): warning C4267: 'initializing': conversion from 'size_t' to 'int', possible loss of data
c:\users\pixir\desktop\college stuff\ai\spaceshooter\include\Graph.h(132): warning C4101: 'pTemp': unreferenced local variable
c:\users\pixir\desktop\college stuff\ai\spaceshooter\include\ManagedSprite.h(41): warning C4244: 'argument': conversion from 'int' to 'float', possible loss of data
c:\users\pixir\desktop\college stuff\ai\spaceshooter\include\Cannon.h(41): warning C4305: 'initializing': truncation from 'double' to 'const float'
src\Player.cpp(5): warning C4244: '=': conversion from 'int' to 'float', possible loss of data
src\Player.cpp(6): warning C4244: '=': conversion from 'int' to 'float', possible loss of data
src\Player.cpp(43): warning C4244: '=': conversion from 'double' to 'float', possible loss of data
src\Player.cpp(44): warning C4244: '=': conversion from 'double' to 'float', possible loss of data
src\Player.cpp(50): warning C4244: 'argument': conversion from 'float' to 'int', possible loss of data
src\Player.cpp(51): warning C4244: 'argument': conversion from 'float' to 'int', possible loss of data
src\Player.cpp(55): warning C4244: 'argument': conversion from 'float' to 'int', possible loss of data
src\Player.cpp(56): warning C4244: 'argument': conversion from 'float' to 'int', possible loss of data
src\Player.cpp(168): warning C4305: '*=': truncation from 'double' to 'float'
  Predator.cpp
c:\users\pixir\desktop\college stuff\ai\spaceshooter\include\Graph.h(141): warning C4244: '=': conversion from 'double' to 'int', possible loss of data
c:\users\pixir\desktop\college stuff\ai\spaceshooter\include\Graph.h(159): warning C4267: 'initializing': conversion from 'size_t' to 'int', possible loss of data
c:\users\pixir\desktop\college stuff\ai\spaceshooter\include\Graph.h(132): warning C4101: 'pTemp': unreferenced local variable
c:\users\pixir\desktop\college stuff\ai\spaceshooter\include\ManagedSprite.h(41): warning C4244: 'argument': conversion from 'int' to 'float', possible loss of data
c:\users\pixir\desktop\college stuff\ai\spaceshooter\include\Cannon.h(41): warning C4305: 'initializing': truncation from 'double' to 'const float'
src\Predator.cpp(5): warning C4244: '=': conversion from 'int' to 'float', possible loss of data
src\Predator.cpp(6): warning C4244: '=': conversion from 'int' to 'float', possible loss of data
src\Predator.cpp(110): warning C4244: 'argument': conversion from 'float' to 'int', possible loss of data
src\Predator.cpp(118): warning C4244: 'argument': conversion from 'float' to 'int', possible loss of data
src\Predator.cpp(123): warning C4244: 'argument': conversion from 'float' to 'int', possible loss of data
src\Predator.cpp(128): warning C4244: 'argument': conversion from 'float' to 'int', possible loss of data
src\Predator.cpp(136): warning C4244: 'argument': conversion from 'float' to 'int', possible loss of data
src\Predator.cpp(146): warning C4244: 'initializing': conversion from 'double' to 'float', possible loss of data
src\Predator.cpp(153): warning C4244: 'argument': conversion from 'float' to 'int', possible loss of data
src\Predator.cpp(163): warning C4244: 'argument': conversion from 'int' to 'float', possible loss of data
src\Predator.cpp(172): warning C4244: 'argument': conversion from 'float' to 'int', possible loss of data
src\Predator.cpp(173): warning C4244: 'argument': conversion from 'float' to 'int', possible loss of data
src\Predator.cpp(177): warning C4244: 'argument': conversion from 'float' to 'int', possible loss of data
src\Predator.cpp(178): warning C4244: 'argument': conversion from 'float' to 'int', possible loss of data
src\Predator.cpp(197): warning C4244: 'argument': conversion from 'float' to 'int', possible loss of data
src\Predator.cpp(198): warning C4244: 'argument': conversion from 'float' to 'int', possible loss of data
src\Predator.cpp(202): warning C4244: 'argument': conversion from 'float' to 'int', possible loss of data
src\Predator.cpp(203): warning C4244: 'argument': conversion from 'float' to 'int', possible loss of data
src\Predator.cpp(218): warning C4244: '=': conversion from 'double' to 'float', possible loss of data
src\Predator.cpp(259): warning C4305: 'initializing': truncation from 'double' to 'float'
  Radar.cpp
c:\users\pixir\desktop\college stuff\ai\spaceshooter\include\Graph.h(141): warning C4244: '=': conversion from 'double' to 'int', possible loss of data
c:\users\pixir\desktop\college stuff\ai\spaceshooter\include\Graph.h(159): warning C4267: 'initializing': conversion from 'size_t' to 'int', possible loss of data
c:\users\pixir\desktop\college stuff\ai\spaceshooter\include\Graph.h(132): warning C4101: 'pTemp': unreferenced local variable
c:\users\pixir\desktop\college stuff\ai\spaceshooter\include\ManagedSprite.h(41): warning C4244: 'argument': conversion from 'int' to 'float', possible loss of data
src\Radar.cpp(20): warning C4244: '=': conversion from 'int' to 'float', possible loss of data
src\Radar.cpp(21): warning C4244: '=': conversion from 'int' to 'float', possible loss of data
src\Radar.cpp(53): warning C4244: 'initializing': conversion from 'double' to 'int', possible loss of data
  Sweeper.cpp
c:\users\pixir\desktop\college stuff\ai\spaceshooter\include\Graph.h(141): warning C4244: '=': conversion from 'double' to 'int', possible loss of data
c:\users\pixir\desktop\college stuff\ai\spaceshooter\include\Graph.h(159): warning C4267: 'initializing': conversion from 'size_t' to 'int', possible loss of data
c:\users\pixir\desktop\college stuff\ai\spaceshooter\include\Graph.h(132): warning C4101: 'pTemp': unreferenced local variable
c:\users\pixir\desktop\college stuff\ai\spaceshooter\include\ManagedSprite.h(41): warning C4244: 'argument': conversion from 'int' to 'float', possible loss of data
c:\users\pixir\desktop\college stuff\ai\spaceshooter\include\Cannon.h(41): warning C4305: 'initializing': truncation from 'double' to 'const float'
src\Sweeper.cpp(5): warning C4244: '=': conversion from 'int' to 'float', possible loss of data
src\Sweeper.cpp(6): warning C4244: '=': conversion from 'int' to 'float', possible loss of data
src\Sweeper.cpp(73): warning C4244: 'argument': conversion from 'float' to 'int', possible loss of data
src\Sweeper.cpp(83): warning C4244: 'argument': conversion from 'int' to 'float', possible loss of data
src\Sweeper.cpp(90): warning C4244: 'argument': conversion from 'float' to 'int', possible loss of data
src\Sweeper.cpp(91): warning C4244: 'argument': conversion from 'float' to 'int', possible loss of data
src\Sweeper.cpp(95): warning C4244: 'argument': conversion from 'float' to 'int', possible loss of data
src\Sweeper.cpp(96): warning C4244: 'argument': conversion from 'float' to 'int', possible loss of data
src\Sweeper.cpp(110): warning C4244: '=': conversion from 'double' to 'float', possible loss of data
src\Sweeper.cpp(157): warning C4305: 'initializing': truncation from 'double' to 'float'
src\Sweeper.cpp(214): warning C4305: 'initializing': truncation from 'double' to 'float'
  Worker.cpp
c:\users\pixir\desktop\college stuff\ai\spaceshooter\include\Graph.h(141): warning C4244: '=': conversion from 'double' to 'int', possible loss of data
c:\users\pixir\desktop\college stuff\ai\spaceshooter\include\Graph.h(159): warning C4267: 'initializing': conversion from 'size_t' to 'int', possible loss of data
c:\users\pixir\desktop\college stuff\ai\spaceshooter\include\Graph.h(132): warning C4101: 'pTemp': unreferenced local variable
c:\users\pixir\desktop\college stuff\ai\spaceshooter\include\ManagedSprite.h(41): warning C4244: 'argument': conversion from 'int' to 'float', possible loss of data
c:\users\pixir\desktop\college stuff\ai\spaceshooter\include\Cannon.h(41): warning C4305: 'initializing': truncation from 'double' to 'const float'
src\Worker.cpp(8): warning C4244: '=': conversion from 'int' to 'float', possible loss of data
src\Worker.cpp(9): warning C4244: '=': conversion from 'int' to 'float', possible loss of data
src\Worker.cpp(11): warning C4244: '=': conversion from 'int' to 'float', possible loss of data
src\Worker.cpp(12): warning C4244: '=': conversion from 'int' to 'float', possible loss of data
src\Worker.cpp(55): warning C4244: 'argument': conversion from 'float' to 'int', possible loss of data
src\Worker.cpp(66): warning C4244: 'argument': conversion from 'int' to 'float', possible loss of data
src\Worker.cpp(72): warning C4244: 'argument': conversion from 'float' to 'int', possible loss of data
src\Worker.cpp(73): warning C4244: 'argument': conversion from 'float' to 'int', possible loss of data
src\Worker.cpp(77): warning C4244: 'argument': conversion from 'float' to 'int', possible loss of data
src\Worker.cpp(78): warning C4244: 'argument': conversion from 'float' to 'int', possible loss of data
src\Worker.cpp(95): warning C4244: '=': conversion from 'double' to 'float', possible loss of data
src\Worker.cpp(117): warning C4305: 'initializing': truncation from 'double' to 'float'
  game.cpp
c:\users\pixir\desktop\college stuff\ai\spaceshooter\include\Graph.h(141): warning C4244: '=': conversion from 'double' to 'int', possible loss of data
c:\users\pixir\desktop\college stuff\ai\spaceshooter\include\Graph.h(159): warning C4267: 'initializing': conversion from 'size_t' to 'int', possible loss of data
c:\users\pixir\desktop\college stuff\ai\spaceshooter\include\Graph.h(132): warning C4101: 'pTemp': unreferenced local variable
c:\users\pixir\desktop\college stuff\ai\spaceshooter\include\ManagedSprite.h(41): warning C4244: 'argument': conversion from 'int' to 'float', possible loss of data
c:\users\pixir\desktop\college stuff\ai\spaceshooter\include\Cannon.h(41): warning C4305: 'initializing': truncation from 'double' to 'const float'
src\game.cpp(32): warning C4244: 'argument': conversion from 'time_t' to 'unsigned int', possible loss of data
src\game.cpp(195): warning C4244: 'argument': conversion from 'double' to 'int', possible loss of data
  Generating code
  27 of 1092 functions ( 2.5%) were compiled, the rest were copied from previous compilation.
    0 functions were new in current compilation
    2 functions had inline decision re-evaluated but remain unchanged
  Finished generating code
  Project.vcxproj -> C:\Users\pixir\Desktop\College Stuff\AI\SpaceShooter\x64\Release\Project.exe
