c:\users\jocon\desktop\spaceshooterland\x64\debug\vc141.pdb
c:\users\jocon\desktop\spaceshooterland\x64\debug\vc141.idb
c:\users\jocon\desktop\spaceshooterland\x64\debug\game.obj
c:\users\jocon\desktop\spaceshooterland\x64\debug\managedsprite.obj
c:\users\jocon\desktop\spaceshooterland\x64\debug\player.obj
c:\users\jocon\desktop\spaceshooterland\x64\debug\predator.obj
c:\users\jocon\desktop\spaceshooterland\x64\debug\space.obj
c:\users\jocon\desktop\spaceshooterland\x64\debug\worker.obj
c:\users\jocon\desktop\spaceshooterland\x64\debug\project.pdb
c:\users\jocon\desktop\spaceshooterland\x64\debug\project.tlog\cl.command.1.tlog
c:\users\jocon\desktop\spaceshooterland\x64\debug\project.tlog\cl.read.1.tlog
c:\users\jocon\desktop\spaceshooterland\x64\debug\project.tlog\cl.write.1.tlog
c:\users\jocon\desktop\spaceshooterland\x64\debug\project.tlog\link.11784-cvtres.read.1.tlog
c:\users\jocon\desktop\spaceshooterland\x64\debug\project.tlog\link.11784-cvtres.write.1.tlog
c:\users\jocon\desktop\spaceshooterland\x64\debug\project.tlog\link.11784-rc.read.1.tlog
c:\users\jocon\desktop\spaceshooterland\x64\debug\project.tlog\link.11784-rc.write.1.tlog
c:\users\jocon\desktop\spaceshooterland\x64\debug\project.tlog\link.11784.read.1.tlog
c:\users\jocon\desktop\spaceshooterland\x64\debug\project.tlog\link.11784.write.1.tlog
c:\users\jocon\desktop\spaceshooterland\x64\debug\project.tlog\link.command.1.tlog
c:\users\jocon\desktop\spaceshooterland\x64\debug\project.tlog\link.read.1.tlog
c:\users\jocon\desktop\spaceshooterland\x64\debug\project.tlog\link.write.1.tlog
