<<<<<<< HEAD
﻿  Worker.cpp
c:\users\jocon\desktop\spaceshooterland\include\managedsprite.h(40): warning C4244: 'argument': conversion from 'int' to 'float', possible loss of data
c:\users\jocon\desktop\spaceshooterland\include\graph.h(131): warning C4244: '=': conversion from 'double' to 'int', possible loss of data
c:\users\jocon\desktop\spaceshooterland\include\graph.h(149): warning C4267: 'initializing': conversion from 'size_t' to 'int', possible loss of data
c:\users\jocon\desktop\spaceshooterland\include\graph.h(122): warning C4101: 'pTemp': unreferenced local variable
c:\users\jocon\desktop\spaceshooterland\src\worker.cpp(7): warning C4244: '=': conversion from 'int' to 'float', possible loss of data
c:\users\jocon\desktop\spaceshooterland\src\worker.cpp(8): warning C4244: '=': conversion from 'int' to 'float', possible loss of data
c:\users\jocon\desktop\spaceshooterland\src\worker.cpp(45): warning C4244: 'argument': conversion from 'float' to 'int', possible loss of data
c:\users\jocon\desktop\spaceshooterland\src\worker.cpp(56): warning C4244: 'argument': conversion from 'int' to 'float', possible loss of data
c:\users\jocon\desktop\spaceshooterland\src\worker.cpp(67): warning C4244: '=': conversion from 'double' to 'float', possible loss of data
c:\users\jocon\desktop\spaceshooterland\src\worker.cpp(82): warning C4305: 'initializing': truncation from 'double' to 'float'
  Project.vcxproj -> C:\Users\jocon\Desktop\SpaceShooterLand\x64\Debug\Project.exe
  Project.vcxproj -> C:\Users\jocon\Desktop\SpaceShooterLand\x64\Debug\Project.pdb (Partial PDB)
=======
﻿  Predator.cpp
c:\users\pixir\desktop\college stuff\ai\spaceshooter\include\managedsprite.h(40): warning C4244: 'argument': conversion from 'int' to 'float', possible loss of data
c:\users\pixir\desktop\college stuff\ai\spaceshooter\include\graph.h(131): warning C4244: '=': conversion from 'double' to 'int', possible loss of data
c:\users\pixir\desktop\college stuff\ai\spaceshooter\include\graph.h(149): warning C4267: 'initializing': conversion from 'size_t' to 'int', possible loss of data
c:\users\pixir\desktop\college stuff\ai\spaceshooter\include\graph.h(122): warning C4101: 'pTemp': unreferenced local variable
c:\users\pixir\desktop\college stuff\ai\spaceshooter\src\predator.cpp(7): warning C4244: '=': conversion from 'int' to 'float', possible loss of data
c:\users\pixir\desktop\college stuff\ai\spaceshooter\src\predator.cpp(8): warning C4244: '=': conversion from 'int' to 'float', possible loss of data
c:\users\pixir\desktop\college stuff\ai\spaceshooter\src\predator.cpp(83): warning C4244: 'argument': conversion from 'float' to 'int', possible loss of data
c:\users\pixir\desktop\college stuff\ai\spaceshooter\src\predator.cpp(91): warning C4244: 'argument': conversion from 'float' to 'int', possible loss of data
c:\users\pixir\desktop\college stuff\ai\spaceshooter\src\predator.cpp(94): warning C4244: 'argument': conversion from 'float' to 'int', possible loss of data
c:\users\pixir\desktop\college stuff\ai\spaceshooter\src\predator.cpp(105): warning C4244: 'argument': conversion from 'int' to 'float', possible loss of data
c:\users\pixir\desktop\college stuff\ai\spaceshooter\src\predator.cpp(113): warning C4244: 'argument': conversion from 'float' to 'int', possible loss of data
c:\users\pixir\desktop\college stuff\ai\spaceshooter\src\predator.cpp(114): warning C4244: 'argument': conversion from 'float' to 'int', possible loss of data
c:\users\pixir\desktop\college stuff\ai\spaceshooter\src\predator.cpp(118): warning C4244: 'argument': conversion from 'float' to 'int', possible loss of data
c:\users\pixir\desktop\college stuff\ai\spaceshooter\src\predator.cpp(119): warning C4244: 'argument': conversion from 'float' to 'int', possible loss of data
c:\users\pixir\desktop\college stuff\ai\spaceshooter\src\predator.cpp(137): warning C4244: '=': conversion from 'double' to 'float', possible loss of data
c:\users\pixir\desktop\college stuff\ai\spaceshooter\src\predator.cpp(152): warning C4305: 'initializing': truncation from 'double' to 'float'
  Project.vcxproj -> C:\Users\pixir\Desktop\College Stuff\AI\SpaceShooter\x64\Debug\Project.exe
  Project.vcxproj -> C:\Users\pixir\Desktop\College Stuff\AI\SpaceShooter\x64\Debug\Project.pdb (Partial PDB)
>>>>>>> 63b97dfc1f607df704b41514af7083b681395677
